20:22:00 **** Clean-only build of configuration Debug for project 512test ****
make clean 
rm -rf  ./Static_Code/System/CPU_Init.o ./Static_Code/System/Peripherals_Init.o ./Static_Code/System/Vectors.o  ./Sources/BMP384.o ./Sources/Events.o ./Sources/I2C.o ./Sources/main.o  ./Project_Settings/Startup_Code/startup.o  ./Generated_Code/Bit1.o ./Generated_Code/BitIoLdd1.o ./Generated_Code/BitIoLdd2.o ./Generated_Code/CI2C1.o ./Generated_Code/Cpu.o ./Generated_Code/IntI2cLdd1.o ./Generated_Code/PE_LDD.o ./Generated_Code/Pins1.o ./Generated_Code/Status1.o  ./Static_Code/System/CPU_Init.d ./Static_Code/System/Peripherals_Init.d ./Static_Code/System/Vectors.d  ./Sources/BMP384.d ./Sources/Events.d ./Sources/I2C.d ./Sources/main.d  ./Project_Settings/Startup_Code/startup.d  ./Generated_Code/Bit1.d ./Generated_Code/BitIoLdd1.d ./Generated_Code/BitIoLdd2.d ./Generated_Code/CI2C1.d ./Generated_Code/Cpu.d ./Generated_Code/IntI2cLdd1.d ./Generated_Code/PE_LDD.d ./Generated_Code/Pins1.d ./Generated_Code/Status1.d  512test.elf
 
20:22:10 **** Build of configuration Debug for project 512test ****
make all 
Building file: ../Static_Code/System/CPU_Init.c
Invoking: Cross ARM C Compiler
arm-none-eabi-gcc -mcpu=cortex-m4 -mthumb -mfloat-abi=hard -mfpu=fpv4-sp-d16 -O0 -fmessage-length=0 -fsigned-char -ffunction-sections -fdata-sections  -g3 -I"C:/Users/willi/Desktop/Uni/Year 3/SP2/CC3501/group-assignment-cairns-group-1/512test/Static_Code/System" -I"C:/Users/willi/Desktop/Uni/Year 3/SP2/CC3501/group-assignment-cairns-group-1/512test/Static_Code/PDD" -I"C:/Users/willi/Desktop/Uni/Year 3/SP2/CC3501/group-assignment-cairns-group-1/512test/Static_Code/IO_Map" -I"C:\Freescale\KDS_v3\eclipse\ProcessorExpert/lib/Kinetis/pdd/inc" -I"C:/Users/willi/Desktop/Uni/Year 3/SP2/CC3501/group-assignment-cairns-group-1/512test/Sources" -I"C:/Users/willi/Desktop/Uni/Year 3/SP2/CC3501/group-assignment-cairns-group-1/512test/Generated_Code" -std=c99 -MMD -MP -MF"Static_Code/System/CPU_Init.d" -MT"Static_Code/System/CPU_Init.o" -c -o "Static_Code/System/CPU_Init.o" "../Static_Code/System/CPU_Init.c"
Finished building: ../Static_Code/System/CPU_Init.c
 
Building file: ../Static_Code/System/Peripherals_Init.c
Invoking: Cross ARM C Compiler
arm-none-eabi-gcc -mcpu=cortex-m4 -mthumb -mfloat-abi=hard -mfpu=fpv4-sp-d16 -O0 -fmessage-length=0 -fsigned-char -ffunction-sections -fdata-sections  -g3 -I"C:/Users/willi/Desktop/Uni/Year 3/SP2/CC3501/group-assignment-cairns-group-1/512test/Static_Code/System" -I"C:/Users/willi/Desktop/Uni/Year 3/SP2/CC3501/group-assignment-cairns-group-1/512test/Static_Code/PDD" -I"C:/Users/willi/Desktop/Uni/Year 3/SP2/CC3501/group-assignment-cairns-group-1/512test/Static_Code/IO_Map" -I"C:\Freescale\KDS_v3\eclipse\ProcessorExpert/lib/Kinetis/pdd/inc" -I"C:/Users/willi/Desktop/Uni/Year 3/SP2/CC3501/group-assignment-cairns-group-1/512test/Sources" -I"C:/Users/willi/Desktop/Uni/Year 3/SP2/CC3501/group-assignment-cairns-group-1/512test/Generated_Code" -std=c99 -MMD -MP -MF"Static_Code/System/Peripherals_Init.d" -MT"Static_Code/System/Peripherals_Init.o" -c -o "Static_Code/System/Peripherals_Init.o" "../Static_Code/System/Peripherals_Init.c"
Finished building: ../Static_Code/System/Peripherals_Init.c
 
Building file: ../Static_Code/System/Vectors.c
Invoking: Cross ARM C Compiler
arm-none-eabi-gcc -mcpu=cortex-m4 -mthumb -mfloat-abi=hard -mfpu=fpv4-sp-d16 -O0 -fmessage-length=0 -fsigned-char -ffunction-sections -fdata-sections  -g3 -I"C:/Users/willi/Desktop/Uni/Year 3/SP2/CC3501/group-assignment-cairns-group-1/512test/Static_Code/System" -I"C:/Users/willi/Desktop/Uni/Year 3/SP2/CC3501/group-assignment-cairns-group-1/512test/Static_Code/PDD" -I"C:/Users/willi/Desktop/Uni/Year 3/SP2/CC3501/group-assignment-cairns-group-1/512test/Static_Code/IO_Map" -I"C:\Freescale\KDS_v3\eclipse\ProcessorExpert/lib/Kinetis/pdd/inc" -I"C:/Users/willi/Desktop/Uni/Year 3/SP2/CC3501/group-assignment-cairns-group-1/512test/Sources" -I"C:/Users/willi/Desktop/Uni/Year 3/SP2/CC3501/group-assignment-cairns-group-1/512test/Generated_Code" -std=c99 -MMD -MP -MF"Static_Code/System/Vectors.d" -MT"Static_Code/System/Vectors.o" -c -o "Static_Code/System/Vectors.o" "../Static_Code/System/Vectors.c"
Finished building: ../Static_Code/System/Vectors.c
 
Building file: ../Sources/BMP384.c
Invoking: Cross ARM C Compiler
arm-none-eabi-gcc -mcpu=cortex-m4 -mthumb -mfloat-abi=hard -mfpu=fpv4-sp-d16 -O0 -fmessage-length=0 -fsigned-char -ffunction-sections -fdata-sections  -g3 -I"C:/Users/willi/Desktop/Uni/Year 3/SP2/CC3501/group-assignment-cairns-group-1/512test/Static_Code/System" -I"C:/Users/willi/Desktop/Uni/Year 3/SP2/CC3501/group-assignment-cairns-group-1/512test/Static_Code/PDD" -I"C:/Users/willi/Desktop/Uni/Year 3/SP2/CC3501/group-assignment-cairns-group-1/512test/Static_Code/IO_Map" -I"C:\Freescale\KDS_v3\eclipse\ProcessorExpert/lib/Kinetis/pdd/inc" -I"C:/Users/willi/Desktop/Uni/Year 3/SP2/CC3501/group-assignment-cairns-group-1/512test/Sources" -I"C:/Users/willi/Desktop/Uni/Year 3/SP2/CC3501/group-assignment-cairns-group-1/512test/Generated_Code" -std=c99 -MMD -MP -MF"Sources/BMP384.d" -MT"Sources/BMP384.o" -c -o "Sources/BMP384.o" "../Sources/BMP384.c"
Finished building: ../Sources/BMP384.c
 
Building file: ../Sources/Events.c
Invoking: Cross ARM C Compiler
arm-none-eabi-gcc -mcpu=cortex-m4 -mthumb -mfloat-abi=hard -mfpu=fpv4-sp-d16 -O0 -fmessage-length=0 -fsigned-char -ffunction-sections -fdata-sections  -g3 -I"C:/Users/willi/Desktop/Uni/Year 3/SP2/CC3501/group-assignment-cairns-group-1/512test/Static_Code/System" -I"C:/Users/willi/Desktop/Uni/Year 3/SP2/CC3501/group-assignment-cairns-group-1/512test/Static_Code/PDD" -I"C:/Users/willi/Desktop/Uni/Year 3/SP2/CC3501/group-assignment-cairns-group-1/512test/Static_Code/IO_Map" -I"C:\Freescale\KDS_v3\eclipse\ProcessorExpert/lib/Kinetis/pdd/inc" -I"C:/Users/willi/Desktop/Uni/Year 3/SP2/CC3501/group-assignment-cairns-group-1/512test/Sources" -I"C:/Users/willi/Desktop/Uni/Year 3/SP2/CC3501/group-assignment-cairns-group-1/512test/Generated_Code" -std=c99 -MMD -MP -MF"Sources/Events.d" -MT"Sources/Events.o" -c -o "Sources/Events.o" "../Sources/Events.c"
Finished building: ../Sources/Events.c
 
Building file: ../Sources/I2C.c
Invoking: Cross ARM C Compiler
arm-none-eabi-gcc -mcpu=cortex-m4 -mthumb -mfloat-abi=hard -mfpu=fpv4-sp-d16 -O0 -fmessage-length=0 -fsigned-char -ffunction-sections -fdata-sections  -g3 -I"C:/Users/willi/Desktop/Uni/Year 3/SP2/CC3501/group-assignment-cairns-group-1/512test/Static_Code/System" -I"C:/Users/willi/Desktop/Uni/Year 3/SP2/CC3501/group-assignment-cairns-group-1/512test/Static_Code/PDD" -I"C:/Users/willi/Desktop/Uni/Year 3/SP2/CC3501/group-assignment-cairns-group-1/512test/Static_Code/IO_Map" -I"C:\Freescale\KDS_v3\eclipse\ProcessorExpert/lib/Kinetis/pdd/inc" -I"C:/Users/willi/Desktop/Uni/Year 3/SP2/CC3501/group-assignment-cairns-group-1/512test/Sources" -I"C:/Users/willi/Desktop/Uni/Year 3/SP2/CC3501/group-assignment-cairns-group-1/512test/Generated_Code" -std=c99 -MMD -MP -MF"Sources/I2C.d" -MT"Sources/I2C.o" -c -o "Sources/I2C.o" "../Sources/I2C.c"
Finished building: ../Sources/I2C.c
 
Building file: ../Sources/main.c
Invoking: Cross ARM C Compiler
arm-none-eabi-gcc -mcpu=cortex-m4 -mthumb -mfloat-abi=hard -mfpu=fpv4-sp-d16 -O0 -fmessage-length=0 -fsigned-char -ffunction-sections -fdata-sections  -g3 -I"C:/Users/willi/Desktop/Uni/Year 3/SP2/CC3501/group-assignment-cairns-group-1/512test/Static_Code/System" -I"C:/Users/willi/Desktop/Uni/Year 3/SP2/CC3501/group-assignment-cairns-group-1/512test/Static_Code/PDD" -I"C:/Users/willi/Desktop/Uni/Year 3/SP2/CC3501/group-assignment-cairns-group-1/512test/Static_Code/IO_Map" -I"C:\Freescale\KDS_v3\eclipse\ProcessorExpert/lib/Kinetis/pdd/inc" -I"C:/Users/willi/Desktop/Uni/Year 3/SP2/CC3501/group-assignment-cairns-group-1/512test/Sources" -I"C:/Users/willi/Desktop/Uni/Year 3/SP2/CC3501/group-assignment-cairns-group-1/512test/Generated_Code" -std=c99 -MMD -MP -MF"Sources/main.d" -MT"Sources/main.o" -c -o "Sources/main.o" "../Sources/main.c"
Finished building: ../Sources/main.c
 
Building file: ../Project_Settings/Startup_Code/startup.c
Invoking: Cross ARM C Compiler
arm-none-eabi-gcc -mcpu=cortex-m4 -mthumb -mfloat-abi=hard -mfpu=fpv4-sp-d16 -O0 -fmessage-length=0 -fsigned-char -ffunction-sections -fdata-sections  -g3 -I"C:/Users/willi/Desktop/Uni/Year 3/SP2/CC3501/group-assignment-cairns-group-1/512test/Static_Code/System" -I"C:/Users/willi/Desktop/Uni/Year 3/SP2/CC3501/group-assignment-cairns-group-1/512test/Static_Code/PDD" -I"C:/Users/willi/Desktop/Uni/Year 3/SP2/CC3501/group-assignment-cairns-group-1/512test/Static_Code/IO_Map" -I"C:\Freescale\KDS_v3\eclipse\ProcessorExpert/lib/Kinetis/pdd/inc" -I"C:/Users/willi/Desktop/Uni/Year 3/SP2/CC3501/group-assignment-cairns-group-1/512test/Sources" -I"C:/Users/willi/Desktop/Uni/Year 3/SP2/CC3501/group-assignment-cairns-group-1/512test/Generated_Code" -std=c99 -MMD -MP -MF"Project_Settings/Startup_Code/startup.d" -MT"Project_Settings/Startup_Code/startup.o" -c -o "Project_Settings/Startup_Code/startup.o" "../Project_Settings/Startup_Code/startup.c"
Finished building: ../Project_Settings/Startup_Code/startup.c
 
Building file: ../Generated_Code/Bit1.c
Invoking: Cross ARM C Compiler
arm-none-eabi-gcc -mcpu=cortex-m4 -mthumb -mfloat-abi=hard -mfpu=fpv4-sp-d16 -O0 -fmessage-length=0 -fsigned-char -ffunction-sections -fdata-sections  -g3 -I"C:/Users/willi/Desktop/Uni/Year 3/SP2/CC3501/group-assignment-cairns-group-1/512test/Static_Code/System" -I"C:/Users/willi/Desktop/Uni/Year 3/SP2/CC3501/group-assignment-cairns-group-1/512test/Static_Code/PDD" -I"C:/Users/willi/Desktop/Uni/Year 3/SP2/CC3501/group-assignment-cairns-group-1/512test/Static_Code/IO_Map" -I"C:\Freescale\KDS_v3\eclipse\ProcessorExpert/lib/Kinetis/pdd/inc" -I"C:/Users/willi/Desktop/Uni/Year 3/SP2/CC3501/group-assignment-cairns-group-1/512test/Sources" -I"C:/Users/willi/Desktop/Uni/Year 3/SP2/CC3501/group-assignment-cairns-group-1/512test/Generated_Code" -std=c99 -MMD -MP -MF"Generated_Code/Bit1.d" -MT"Generated_Code/Bit1.o" -c -o "Generated_Code/Bit1.o" "../Generated_Code/Bit1.c"
Finished building: ../Generated_Code/Bit1.c
 
Building file: ../Generated_Code/BitIoLdd1.c
Invoking: Cross ARM C Compiler
arm-none-eabi-gcc -mcpu=cortex-m4 -mthumb -mfloat-abi=hard -mfpu=fpv4-sp-d16 -O0 -fmessage-length=0 -fsigned-char -ffunction-sections -fdata-sections  -g3 -I"C:/Users/willi/Desktop/Uni/Year 3/SP2/CC3501/group-assignment-cairns-group-1/512test/Static_Code/System" -I"C:/Users/willi/Desktop/Uni/Year 3/SP2/CC3501/group-assignment-cairns-group-1/512test/Static_Code/PDD" -I"C:/Users/willi/Desktop/Uni/Year 3/SP2/CC3501/group-assignment-cairns-group-1/512test/Static_Code/IO_Map" -I"C:\Freescale\KDS_v3\eclipse\ProcessorExpert/lib/Kinetis/pdd/inc" -I"C:/Users/willi/Desktop/Uni/Year 3/SP2/CC3501/group-assignment-cairns-group-1/512test/Sources" -I"C:/Users/willi/Desktop/Uni/Year 3/SP2/CC3501/group-assignment-cairns-group-1/512test/Generated_Code" -std=c99 -MMD -MP -MF"Generated_Code/BitIoLdd1.d" -MT"Generated_Code/BitIoLdd1.o" -c -o "Generated_Code/BitIoLdd1.o" "../Generated_Code/BitIoLdd1.c"
Finished building: ../Generated_Code/BitIoLdd1.c
 
Building file: ../Generated_Code/BitIoLdd2.c
Invoking: Cross ARM C Compiler
arm-none-eabi-gcc -mcpu=cortex-m4 -mthumb -mfloat-abi=hard -mfpu=fpv4-sp-d16 -O0 -fmessage-length=0 -fsigned-char -ffunction-sections -fdata-sections  -g3 -I"C:/Users/willi/Desktop/Uni/Year 3/SP2/CC3501/group-assignment-cairns-group-1/512test/Static_Code/System" -I"C:/Users/willi/Desktop/Uni/Year 3/SP2/CC3501/group-assignment-cairns-group-1/512test/Static_Code/PDD" -I"C:/Users/willi/Desktop/Uni/Year 3/SP2/CC3501/group-assignment-cairns-group-1/512test/Static_Code/IO_Map" -I"C:\Freescale\KDS_v3\eclipse\ProcessorExpert/lib/Kinetis/pdd/inc" -I"C:/Users/willi/Desktop/Uni/Year 3/SP2/CC3501/group-assignment-cairns-group-1/512test/Sources" -I"C:/Users/willi/Desktop/Uni/Year 3/SP2/CC3501/group-assignment-cairns-group-1/512test/Generated_Code" -std=c99 -MMD -MP -MF"Generated_Code/BitIoLdd2.d" -MT"Generated_Code/BitIoLdd2.o" -c -o "Generated_Code/BitIoLdd2.o" "../Generated_Code/BitIoLdd2.c"
Finished building: ../Generated_Code/BitIoLdd2.c
 
Building file: ../Generated_Code/CI2C1.c
Invoking: Cross ARM C Compiler
arm-none-eabi-gcc -mcpu=cortex-m4 -mthumb -mfloat-abi=hard -mfpu=fpv4-sp-d16 -O0 -fmessage-length=0 -fsigned-char -ffunction-sections -fdata-sections  -g3 -I"C:/Users/willi/Desktop/Uni/Year 3/SP2/CC3501/group-assignment-cairns-group-1/512test/Static_Code/System" -I"C:/Users/willi/Desktop/Uni/Year 3/SP2/CC3501/group-assignment-cairns-group-1/512test/Static_Code/PDD" -I"C:/Users/willi/Desktop/Uni/Year 3/SP2/CC3501/group-assignment-cairns-group-1/512test/Static_Code/IO_Map" -I"C:\Freescale\KDS_v3\eclipse\ProcessorExpert/lib/Kinetis/pdd/inc" -I"C:/Users/willi/Desktop/Uni/Year 3/SP2/CC3501/group-assignment-cairns-group-1/512test/Sources" -I"C:/Users/willi/Desktop/Uni/Year 3/SP2/CC3501/group-assignment-cairns-group-1/512test/Generated_Code" -std=c99 -MMD -MP -MF"Generated_Code/CI2C1.d" -MT"Generated_Code/CI2C1.o" -c -o "Generated_Code/CI2C1.o" "../Generated_Code/CI2C1.c"
Finished building: ../Generated_Code/CI2C1.c
 
Building file: ../Generated_Code/Cpu.c
Invoking: Cross ARM C Compiler
arm-none-eabi-gcc -mcpu=cortex-m4 -mthumb -mfloat-abi=hard -mfpu=fpv4-sp-d16 -O0 -fmessage-length=0 -fsigned-char -ffunction-sections -fdata-sections  -g3 -I"C:/Users/willi/Desktop/Uni/Year 3/SP2/CC3501/group-assignment-cairns-group-1/512test/Static_Code/System" -I"C:/Users/willi/Desktop/Uni/Year 3/SP2/CC3501/group-assignment-cairns-group-1/512test/Static_Code/PDD" -I"C:/Users/willi/Desktop/Uni/Year 3/SP2/CC3501/group-assignment-cairns-group-1/512test/Static_Code/IO_Map" -I"C:\Freescale\KDS_v3\eclipse\ProcessorExpert/lib/Kinetis/pdd/inc" -I"C:/Users/willi/Desktop/Uni/Year 3/SP2/CC3501/group-assignment-cairns-group-1/512test/Sources" -I"C:/Users/willi/Desktop/Uni/Year 3/SP2/CC3501/group-assignment-cairns-group-1/512test/Generated_Code" -std=c99 -MMD -MP -MF"Generated_Code/Cpu.d" -MT"Generated_Code/Cpu.o" -c -o "Generated_Code/Cpu.o" "../Generated_Code/Cpu.c"
Finished building: ../Generated_Code/Cpu.c
 
Building file: ../Generated_Code/IntI2cLdd1.c
Invoking: Cross ARM C Compiler
arm-none-eabi-gcc -mcpu=cortex-m4 -mthumb -mfloat-abi=hard -mfpu=fpv4-sp-d16 -O0 -fmessage-length=0 -fsigned-char -ffunction-sections -fdata-sections  -g3 -I"C:/Users/willi/Desktop/Uni/Year 3/SP2/CC3501/group-assignment-cairns-group-1/512test/Static_Code/System" -I"C:/Users/willi/Desktop/Uni/Year 3/SP2/CC3501/group-assignment-cairns-group-1/512test/Static_Code/PDD" -I"C:/Users/willi/Desktop/Uni/Year 3/SP2/CC3501/group-assignment-cairns-group-1/512test/Static_Code/IO_Map" -I"C:\Freescale\KDS_v3\eclipse\ProcessorExpert/lib/Kinetis/pdd/inc" -I"C:/Users/willi/Desktop/Uni/Year 3/SP2/CC3501/group-assignment-cairns-group-1/512test/Sources" -I"C:/Users/willi/Desktop/Uni/Year 3/SP2/CC3501/group-assignment-cairns-group-1/512test/Generated_Code" -std=c99 -MMD -MP -MF"Generated_Code/IntI2cLdd1.d" -MT"Generated_Code/IntI2cLdd1.o" -c -o "Generated_Code/IntI2cLdd1.o" "../Generated_Code/IntI2cLdd1.c"
Finished building: ../Generated_Code/IntI2cLdd1.c
 
Building file: ../Generated_Code/PE_LDD.c
Invoking: Cross ARM C Compiler
arm-none-eabi-gcc -mcpu=cortex-m4 -mthumb -mfloat-abi=hard -mfpu=fpv4-sp-d16 -O0 -fmessage-length=0 -fsigned-char -ffunction-sections -fdata-sections  -g3 -I"C:/Users/willi/Desktop/Uni/Year 3/SP2/CC3501/group-assignment-cairns-group-1/512test/Static_Code/System" -I"C:/Users/willi/Desktop/Uni/Year 3/SP2/CC3501/group-assignment-cairns-group-1/512test/Static_Code/PDD" -I"C:/Users/willi/Desktop/Uni/Year 3/SP2/CC3501/group-assignment-cairns-group-1/512test/Static_Code/IO_Map" -I"C:\Freescale\KDS_v3\eclipse\ProcessorExpert/lib/Kinetis/pdd/inc" -I"C:/Users/willi/Desktop/Uni/Year 3/SP2/CC3501/group-assignment-cairns-group-1/512test/Sources" -I"C:/Users/willi/Desktop/Uni/Year 3/SP2/CC3501/group-assignment-cairns-group-1/512test/Generated_Code" -std=c99 -MMD -MP -MF"Generated_Code/PE_LDD.d" -MT"Generated_Code/PE_LDD.o" -c -o "Generated_Code/PE_LDD.o" "../Generated_Code/PE_LDD.c"
Finished building: ../Generated_Code/PE_LDD.c
 
Building file: ../Generated_Code/Pins1.c
Invoking: Cross ARM C Compiler
arm-none-eabi-gcc -mcpu=cortex-m4 -mthumb -mfloat-abi=hard -mfpu=fpv4-sp-d16 -O0 -fmessage-length=0 -fsigned-char -ffunction-sections -fdata-sections  -g3 -I"C:/Users/willi/Desktop/Uni/Year 3/SP2/CC3501/group-assignment-cairns-group-1/512test/Static_Code/System" -I"C:/Users/willi/Desktop/Uni/Year 3/SP2/CC3501/group-assignment-cairns-group-1/512test/Static_Code/PDD" -I"C:/Users/willi/Desktop/Uni/Year 3/SP2/CC3501/group-assignment-cairns-group-1/512test/Static_Code/IO_Map" -I"C:\Freescale\KDS_v3\eclipse\ProcessorExpert/lib/Kinetis/pdd/inc" -I"C:/Users/willi/Desktop/Uni/Year 3/SP2/CC3501/group-assignment-cairns-group-1/512test/Sources" -I"C:/Users/willi/Desktop/Uni/Year 3/SP2/CC3501/group-assignment-cairns-group-1/512test/Generated_Code" -std=c99 -MMD -MP -MF"Generated_Code/Pins1.d" -MT"Generated_Code/Pins1.o" -c -o "Generated_Code/Pins1.o" "../Generated_Code/Pins1.c"
Finished building: ../Generated_Code/Pins1.c
 
Building file: ../Generated_Code/Status1.c
Invoking: Cross ARM C Compiler
arm-none-eabi-gcc -mcpu=cortex-m4 -mthumb -mfloat-abi=hard -mfpu=fpv4-sp-d16 -O0 -fmessage-length=0 -fsigned-char -ffunction-sections -fdata-sections  -g3 -I"C:/Users/willi/Desktop/Uni/Year 3/SP2/CC3501/group-assignment-cairns-group-1/512test/Static_Code/System" -I"C:/Users/willi/Desktop/Uni/Year 3/SP2/CC3501/group-assignment-cairns-group-1/512test/Static_Code/PDD" -I"C:/Users/willi/Desktop/Uni/Year 3/SP2/CC3501/group-assignment-cairns-group-1/512test/Static_Code/IO_Map" -I"C:\Freescale\KDS_v3\eclipse\ProcessorExpert/lib/Kinetis/pdd/inc" -I"C:/Users/willi/Desktop/Uni/Year 3/SP2/CC3501/group-assignment-cairns-group-1/512test/Sources" -I"C:/Users/willi/Desktop/Uni/Year 3/SP2/CC3501/group-assignment-cairns-group-1/512test/Generated_Code" -std=c99 -MMD -MP -MF"Generated_Code/Status1.d" -MT"Generated_Code/Status1.o" -c -o "Generated_Code/Status1.o" "../Generated_Code/Status1.c"
Finished building: ../Generated_Code/Status1.c
 
Building target: 512test.elf
Invoking: Cross ARM C++ Linker
arm-none-eabi-g++ -mcpu=cortex-m4 -mthumb -mfloat-abi=hard -mfpu=fpv4-sp-d16 -O0 -fmessage-length=0 -fsigned-char -ffunction-sections -fdata-sections  -g3 -T "C:/Users/willi/Desktop/Uni/Year 3/SP2/CC3501/group-assignment-cairns-group-1/512test/Project_Settings/Linker_Files/ProcessorExpert.ld" -Xlinker --gc-sections -L"C:/Users/willi/Desktop/Uni/Year 3/SP2/CC3501/group-assignment-cairns-group-1/512test/Project_Settings/Linker_Files" -Wl,-Map,"512test.map" -specs=nano.specs -specs=nosys.specs -o "512test.elf"  ./Static_Code/System/CPU_Init.o ./Static_Code/System/Peripherals_Init.o ./Static_Code/System/Vectors.o  ./Sources/BMP384.o ./Sources/Events.o ./Sources/I2C.o ./Sources/main.o  ./Project_Settings/Startup_Code/startup.o  ./Generated_Code/Bit1.o ./Generated_Code/BitIoLdd1.o ./Generated_Code/BitIoLdd2.o ./Generated_Code/CI2C1.o ./Generated_Code/Cpu.o ./Generated_Code/IntI2cLdd1.o ./Generated_Code/PE_LDD.o ./Generated_Code/Pins1.o ./Generated_Code/Status1.o   
./Sources/main.o:(.data.sea_level_pressure+0x0): multiple definition of `sea_level_pressure'
./Sources/BMP384.o:(.data.sea_level_pressure+0x0): first defined here
collect2.exe: error: ld returned 1 exit status
makefile:54: recipe for target '512test.elf' failed
make: *** [512test.elf] Error 1
20:23:27 **** Incremental Build of configuration Debug for project 512test ****
make all 
Building file: ../Sources/BMP384.c
Invoking: Cross ARM C Compiler
arm-none-eabi-gcc -mcpu=cortex-m4 -mthumb -mfloat-abi=hard -mfpu=fpv4-sp-d16 -O0 -fmessage-length=0 -fsigned-char -ffunction-sections -fdata-sections  -g3 -I"C:/Users/willi/Desktop/Uni/Year 3/SP2/CC3501/group-assignment-cairns-group-1/512test/Static_Code/System" -I"C:/Users/willi/Desktop/Uni/Year 3/SP2/CC3501/group-assignment-cairns-group-1/512test/Static_Code/PDD" -I"C:/Users/willi/Desktop/Uni/Year 3/SP2/CC3501/group-assignment-cairns-group-1/512test/Static_Code/IO_Map" -I"C:\Freescale\KDS_v3\eclipse\ProcessorExpert/lib/Kinetis/pdd/inc" -I"C:/Users/willi/Desktop/Uni/Year 3/SP2/CC3501/group-assignment-cairns-group-1/512test/Sources" -I"C:/Users/willi/Desktop/Uni/Year 3/SP2/CC3501/group-assignment-cairns-group-1/512test/Generated_Code" -std=c99 -MMD -MP -MF"Sources/BMP384.d" -MT"Sources/BMP384.o" -c -o "Sources/BMP384.o" "../Sources/BMP384.c"
Finished building: ../Sources/BMP384.c
 
Building file: ../Sources/main.c
Invoking: Cross ARM C Compiler
arm-none-eabi-gcc -mcpu=cortex-m4 -mthumb -mfloat-abi=hard -mfpu=fpv4-sp-d16 -O0 -fmessage-length=0 -fsigned-char -ffunction-sections -fdata-sections  -g3 -I"C:/Users/willi/Desktop/Uni/Year 3/SP2/CC3501/group-assignment-cairns-group-1/512test/Static_Code/System" -I"C:/Users/willi/Desktop/Uni/Year 3/SP2/CC3501/group-assignment-cairns-group-1/512test/Static_Code/PDD" -I"C:/Users/willi/Desktop/Uni/Year 3/SP2/CC3501/group-assignment-cairns-group-1/512test/Static_Code/IO_Map" -I"C:\Freescale\KDS_v3\eclipse\ProcessorExpert/lib/Kinetis/pdd/inc" -I"C:/Users/willi/Desktop/Uni/Year 3/SP2/CC3501/group-assignment-cairns-group-1/512test/Sources" -I"C:/Users/willi/Desktop/Uni/Year 3/SP2/CC3501/group-assignment-cairns-group-1/512test/Generated_Code" -std=c99 -MMD -MP -MF"Sources/main.d" -MT"Sources/main.o" -c -o "Sources/main.o" "../Sources/main.c"
Finished building: ../Sources/main.c
 
Building target: 512test.elf
Invoking: Cross ARM C++ Linker
arm-none-eabi-g++ -mcpu=cortex-m4 -mthumb -mfloat-abi=hard -mfpu=fpv4-sp-d16 -O0 -fmessage-length=0 -fsigned-char -ffunction-sections -fdata-sections  -g3 -T "C:/Users/willi/Desktop/Uni/Year 3/SP2/CC3501/group-assignment-cairns-group-1/512test/Project_Settings/Linker_Files/ProcessorExpert.ld" -Xlinker --gc-sections -L"C:/Users/willi/Desktop/Uni/Year 3/SP2/CC3501/group-assignment-cairns-group-1/512test/Project_Settings/Linker_Files" -Wl,-Map,"512test.map" -specs=nano.specs -specs=nosys.specs -o "512test.elf"  ./Static_Code/System/CPU_Init.o ./Static_Code/System/Peripherals_Init.o ./Static_Code/System/Vectors.o  ./Sources/BMP384.o ./Sources/Events.o ./Sources/I2C.o ./Sources/main.o  ./Project_Settings/Startup_Code/startup.o  ./Generated_Code/Bit1.o ./Generated_Code/BitIoLdd1.o ./Generated_Code/BitIoLdd2.o ./Generated_Code/CI2C1.o ./Generated_Code/Cpu.o ./Generated_Code/IntI2cLdd1.o ./Generated_Code/PE_LDD.o ./Generated_Code/Pins1.o ./Generated_Code/Status1.o   
Finished building target: 512test.elf
 
20:23:32 **** Incremental Build of configuration Debug for project 512test ****
make all 
Building file: ../Sources/BMP384.c
Invoking: Cross ARM C Compiler
arm-none-eabi-gcc -mcpu=cortex-m4 -mthumb -mfloat-abi=hard -mfpu=fpv4-sp-d16 -O0 -fmessage-length=0 -fsigned-char -ffunction-sections -fdata-sections  -g3 -I"C:/Users/willi/Desktop/Uni/Year 3/SP2/CC3501/group-assignment-cairns-group-1/512test/Static_Code/System" -I"C:/Users/willi/Desktop/Uni/Year 3/SP2/CC3501/group-assignment-cairns-group-1/512test/Static_Code/PDD" -I"C:/Users/willi/Desktop/Uni/Year 3/SP2/CC3501/group-assignment-cairns-group-1/512test/Static_Code/IO_Map" -I"C:\Freescale\KDS_v3\eclipse\ProcessorExpert/lib/Kinetis/pdd/inc" -I"C:/Users/willi/Desktop/Uni/Year 3/SP2/CC3501/group-assignment-cairns-group-1/512test/Sources" -I"C:/Users/willi/Desktop/Uni/Year 3/SP2/CC3501/group-assignment-cairns-group-1/512test/Generated_Code" -std=c99 -MMD -MP -MF"Sources/BMP384.d" -MT"Sources/BMP384.o" -c -o "Sources/BMP384.o" "../Sources/BMP384.c"
../Sources/BMP384.c: In function 'getMeasurements':
../Sources/BMP384.c:110:45: error: redefinition of 'sea_level_pressure'
   float sea_level_pressure = 1013.23f;float sea_level_pressure = 1013.23f;
                                             ^
../Sources/BMP384.c:110:9: note: previous definition of 'sea_level_pressure' was here
   float sea_level_pressure = 1013.23f;float sea_level_pressure = 1013.23f;
         ^
Sources/subdir.mk:27: recipe for target 'Sources/BMP384.o' failed
make: *** [Sources/BMP384.o] Error 1
20:23:39 **** Incremental Build of configuration Debug for project 512test ****
make all 
Building file: ../Sources/BMP384.c
Invoking: Cross ARM C Compiler
arm-none-eabi-gcc -mcpu=cortex-m4 -mthumb -mfloat-abi=hard -mfpu=fpv4-sp-d16 -O0 -fmessage-length=0 -fsigned-char -ffunction-sections -fdata-sections  -g3 -I"C:/Users/willi/Desktop/Uni/Year 3/SP2/CC3501/group-assignment-cairns-group-1/512test/Static_Code/System" -I"C:/Users/willi/Desktop/Uni/Year 3/SP2/CC3501/group-assignment-cairns-group-1/512test/Static_Code/PDD" -I"C:/Users/willi/Desktop/Uni/Year 3/SP2/CC3501/group-assignment-cairns-group-1/512test/Static_Code/IO_Map" -I"C:\Freescale\KDS_v3\eclipse\ProcessorExpert/lib/Kinetis/pdd/inc" -I"C:/Users/willi/Desktop/Uni/Year 3/SP2/CC3501/group-assignment-cairns-group-1/512test/Sources" -I"C:/Users/willi/Desktop/Uni/Year 3/SP2/CC3501/group-assignment-cairns-group-1/512test/Generated_Code" -std=c99 -MMD -MP -MF"Sources/BMP384.d" -MT"Sources/BMP384.o" -c -o "Sources/BMP384.o" "../Sources/BMP384.c"
Finished building: ../Sources/BMP384.c
 
Building target: 512test.elf
Invoking: Cross ARM C++ Linker
arm-none-eabi-g++ -mcpu=cortex-m4 -mthumb -mfloat-abi=hard -mfpu=fpv4-sp-d16 -O0 -fmessage-length=0 -fsigned-char -ffunction-sections -fdata-sections  -g3 -T "C:/Users/willi/Desktop/Uni/Year 3/SP2/CC3501/group-assignment-cairns-group-1/512test/Project_Settings/Linker_Files/ProcessorExpert.ld" -Xlinker --gc-sections -L"C:/Users/willi/Desktop/Uni/Year 3/SP2/CC3501/group-assignment-cairns-group-1/512test/Project_Settings/Linker_Files" -Wl,-Map,"512test.map" -specs=nano.specs -specs=nosys.specs -o "512test.elf"  ./Static_Code/System/CPU_Init.o ./Static_Code/System/Peripherals_Init.o ./Static_Code/System/Vectors.o  ./Sources/BMP384.o ./Sources/Events.o ./Sources/I2C.o ./Sources/main.o  ./Project_Settings/Startup_Code/startup.o  ./Generated_Code/Bit1.o ./Generated_Code/BitIoLdd1.o ./Generated_Code/BitIoLdd2.o ./Generated_Code/CI2C1.o ./Generated_Code/Cpu.o ./Generated_Code/IntI2cLdd1.o ./Generated_Code/PE_LDD.o ./Generated_Code/Pins1.o ./Generated_Code/Status1.o   
Finished building target: 512test.elf
 
20:24:32 **** Incremental Build of configuration Debug for project 512test ****
make all 
Building file: ../Sources/main.c
Invoking: Cross ARM C Compiler
arm-none-eabi-gcc -mcpu=cortex-m4 -mthumb -mfloat-abi=hard -mfpu=fpv4-sp-d16 -O0 -fmessage-length=0 -fsigned-char -ffunction-sections -fdata-sections  -g3 -I"C:/Users/willi/Desktop/Uni/Year 3/SP2/CC3501/group-assignment-cairns-group-1/512test/Static_Code/System" -I"C:/Users/willi/Desktop/Uni/Year 3/SP2/CC3501/group-assignment-cairns-group-1/512test/Static_Code/PDD" -I"C:/Users/willi/Desktop/Uni/Year 3/SP2/CC3501/group-assignment-cairns-group-1/512test/Static_Code/IO_Map" -I"C:\Freescale\KDS_v3\eclipse\ProcessorExpert/lib/Kinetis/pdd/inc" -I"C:/Users/willi/Desktop/Uni/Year 3/SP2/CC3501/group-assignment-cairns-group-1/512test/Sources" -I"C:/Users/willi/Desktop/Uni/Year 3/SP2/CC3501/group-assignment-cairns-group-1/512test/Generated_Code" -std=c99 -MMD -MP -MF"Sources/main.d" -MT"Sources/main.o" -c -o "Sources/main.o" "../Sources/main.c"
Finished building: ../Sources/main.c
 
Building target: 512test.elf
Invoking: Cross ARM C++ Linker
arm-none-eabi-g++ -mcpu=cortex-m4 -mthumb -mfloat-abi=hard -mfpu=fpv4-sp-d16 -O0 -fmessage-length=0 -fsigned-char -ffunction-sections -fdata-sections  -g3 -T "C:/Users/willi/Desktop/Uni/Year 3/SP2/CC3501/group-assignment-cairns-group-1/512test/Project_Settings/Linker_Files/ProcessorExpert.ld" -Xlinker --gc-sections -L"C:/Users/willi/Desktop/Uni/Year 3/SP2/CC3501/group-assignment-cairns-group-1/512test/Project_Settings/Linker_Files" -Wl,-Map,"512test.map" -specs=nano.specs -specs=nosys.specs -o "512test.elf"  ./Static_Code/System/CPU_Init.o ./Static_Code/System/Peripherals_Init.o ./Static_Code/System/Vectors.o  ./Sources/BMP384.o ./Sources/Events.o ./Sources/I2C.o ./Sources/main.o  ./Project_Settings/Startup_Code/startup.o  ./Generated_Code/Bit1.o ./Generated_Code/BitIoLdd1.o ./Generated_Code/BitIoLdd2.o ./Generated_Code/CI2C1.o ./Generated_Code/Cpu.o ./Generated_Code/IntI2cLdd1.o ./Generated_Code/PE_LDD.o ./Generated_Code/Pins1.o ./Generated_Code/Status1.o   
Finished building target: 512test.elf
 
20:27:57 **** Incremental Build of configuration Debug for project 512test ****
make all 
Building file: ../Sources/BMP384.c
Invoking: Cross ARM C Compiler
arm-none-eabi-gcc -mcpu=cortex-m4 -mthumb -mfloat-abi=hard -mfpu=fpv4-sp-d16 -O0 -fmessage-length=0 -fsigned-char -ffunction-sections -fdata-sections  -g3 -I"C:/Users/willi/Desktop/Uni/Year 3/SP2/CC3501/group-assignment-cairns-group-1/512test/Static_Code/System" -I"C:/Users/willi/Desktop/Uni/Year 3/SP2/CC3501/group-assignment-cairns-group-1/512test/Static_Code/PDD" -I"C:/Users/willi/Desktop/Uni/Year 3/SP2/CC3501/group-assignment-cairns-group-1/512test/Static_Code/IO_Map" -I"C:\Freescale\KDS_v3\eclipse\ProcessorExpert/lib/Kinetis/pdd/inc" -I"C:/Users/willi/Desktop/Uni/Year 3/SP2/CC3501/group-assignment-cairns-group-1/512test/Sources" -I"C:/Users/willi/Desktop/Uni/Year 3/SP2/CC3501/group-assignment-cairns-group-1/512test/Generated_Code" -std=c99 -MMD -MP -MF"Sources/BMP384.d" -MT"Sources/BMP384.o" -c -o "Sources/BMP384.o" "../Sources/BMP384.c"
../Sources/BMP384.c: In function 'getMeasurements':
../Sources/BMP384.c:114:50: error: invalid type argument of unary '*' (have 'float')
   *altitude = ((float) powf(sea_level_pressure / *tempPres, 0.190223f)
                                                  ^
../Sources/BMP384.c:115:16: error: invalid type argument of unary '*' (have 'float')
     - 1.0f) * (*tempTemp + 273.15f) / 0.0065f; // Calculate the altitude in metres
                ^
Sources/subdir.mk:27: recipe for target 'Sources/BMP384.o' failed
make: *** [Sources/BMP384.o] Error 1
20:28:04 **** Incremental Build of configuration Debug for project 512test ****
make all 
Building file: ../Sources/BMP384.c
Invoking: Cross ARM C Compiler
arm-none-eabi-gcc -mcpu=cortex-m4 -mthumb -mfloat-abi=hard -mfpu=fpv4-sp-d16 -O0 -fmessage-length=0 -fsigned-char -ffunction-sections -fdata-sections  -g3 -I"C:/Users/willi/Desktop/Uni/Year 3/SP2/CC3501/group-assignment-cairns-group-1/512test/Static_Code/System" -I"C:/Users/willi/Desktop/Uni/Year 3/SP2/CC3501/group-assignment-cairns-group-1/512test/Static_Code/PDD" -I"C:/Users/willi/Desktop/Uni/Year 3/SP2/CC3501/group-assignment-cairns-group-1/512test/Static_Code/IO_Map" -I"C:\Freescale\KDS_v3\eclipse\ProcessorExpert/lib/Kinetis/pdd/inc" -I"C:/Users/willi/Desktop/Uni/Year 3/SP2/CC3501/group-assignment-cairns-group-1/512test/Sources" -I"C:/Users/willi/Desktop/Uni/Year 3/SP2/CC3501/group-assignment-cairns-group-1/512test/Generated_Code" -std=c99 -MMD -MP -MF"Sources/BMP384.d" -MT"Sources/BMP384.o" -c -o "Sources/BMP384.o" "../Sources/BMP384.c"
Finished building: ../Sources/BMP384.c
 
Building target: 512test.elf
Invoking: Cross ARM C++ Linker
arm-none-eabi-g++ -mcpu=cortex-m4 -mthumb -mfloat-abi=hard -mfpu=fpv4-sp-d16 -O0 -fmessage-length=0 -fsigned-char -ffunction-sections -fdata-sections  -g3 -T "C:/Users/willi/Desktop/Uni/Year 3/SP2/CC3501/group-assignment-cairns-group-1/512test/Project_Settings/Linker_Files/ProcessorExpert.ld" -Xlinker --gc-sections -L"C:/Users/willi/Desktop/Uni/Year 3/SP2/CC3501/group-assignment-cairns-group-1/512test/Project_Settings/Linker_Files" -Wl,-Map,"512test.map" -specs=nano.specs -specs=nosys.specs -o "512test.elf"  ./Static_Code/System/CPU_Init.o ./Static_Code/System/Peripherals_Init.o ./Static_Code/System/Vectors.o  ./Sources/BMP384.o ./Sources/Events.o ./Sources/I2C.o ./Sources/main.o  ./Project_Settings/Startup_Code/startup.o  ./Generated_Code/Bit1.o ./Generated_Code/BitIoLdd1.o ./Generated_Code/BitIoLdd2.o ./Generated_Code/CI2C1.o ./Generated_Code/Cpu.o ./Generated_Code/IntI2cLdd1.o ./Generated_Code/PE_LDD.o ./Generated_Code/Pins1.o ./Generated_Code/Status1.o   
Finished building target: 512test.elf
 
20:28:06 **** Incremental Build of configuration Debug for project 512test ****
make all 
make: Nothing to be done for 'all'.
20:39:48 **** Incremental Build of configuration Debug for project 512test ****
make all 
Building file: ../Sources/BMP384.c
Invoking: Cross ARM C Compiler
arm-none-eabi-gcc -mcpu=cortex-m4 -mthumb -mfloat-abi=hard -mfpu=fpv4-sp-d16 -O0 -fmessage-length=0 -fsigned-char -ffunction-sections -fdata-sections  -g3 -I"C:/Users/willi/Desktop/Uni/Year 3/SP2/CC3501/group-assignment-cairns-group-1/512test/Static_Code/System" -I"C:/Users/willi/Desktop/Uni/Year 3/SP2/CC3501/group-assignment-cairns-group-1/512test/Static_Code/PDD" -I"C:/Users/willi/Desktop/Uni/Year 3/SP2/CC3501/group-assignment-cairns-group-1/512test/Static_Code/IO_Map" -I"C:\Freescale\KDS_v3\eclipse\ProcessorExpert/lib/Kinetis/pdd/inc" -I"C:/Users/willi/Desktop/Uni/Year 3/SP2/CC3501/group-assignment-cairns-group-1/512test/Sources" -I"C:/Users/willi/Desktop/Uni/Year 3/SP2/CC3501/group-assignment-cairns-group-1/512test/Generated_Code" -std=c99 -MMD -MP -MF"Sources/BMP384.d" -MT"Sources/BMP384.o" -c -o "Sources/BMP384.o" "../Sources/BMP384.c"
Finished building: ../Sources/BMP384.c
 
Building target: 512test.elf
Invoking: Cross ARM C++ Linker
arm-none-eabi-g++ -mcpu=cortex-m4 -mthumb -mfloat-abi=hard -mfpu=fpv4-sp-d16 -O0 -fmessage-length=0 -fsigned-char -ffunction-sections -fdata-sections  -g3 -T "C:/Users/willi/Desktop/Uni/Year 3/SP2/CC3501/group-assignment-cairns-group-1/512test/Project_Settings/Linker_Files/ProcessorExpert.ld" -Xlinker --gc-sections -L"C:/Users/willi/Desktop/Uni/Year 3/SP2/CC3501/group-assignment-cairns-group-1/512test/Project_Settings/Linker_Files" -Wl,-Map,"512test.map" -specs=nano.specs -specs=nosys.specs -o "512test.elf"  ./Static_Code/System/CPU_Init.o ./Static_Code/System/Peripherals_Init.o ./Static_Code/System/Vectors.o  ./Sources/BMP384.o ./Sources/Events.o ./Sources/I2C.o ./Sources/main.o  ./Project_Settings/Startup_Code/startup.o  ./Generated_Code/Bit1.o ./Generated_Code/BitIoLdd1.o ./Generated_Code/BitIoLdd2.o ./Generated_Code/CI2C1.o ./Generated_Code/Cpu.o ./Generated_Code/IntI2cLdd1.o ./Generated_Code/PE_LDD.o ./Generated_Code/Pins1.o ./Generated_Code/Status1.o   
Finished building target: 512test.elf
 
20:40:19 **** Incremental Build of configuration Debug for project 512test ****
make all 
Building file: ../Sources/BMP384.c
Invoking: Cross ARM C Compiler
arm-none-eabi-gcc -mcpu=cortex-m4 -mthumb -mfloat-abi=hard -mfpu=fpv4-sp-d16 -O0 -fmessage-length=0 -fsigned-char -ffunction-sections -fdata-sections  -g3 -I"C:/Users/willi/Desktop/Uni/Year 3/SP2/CC3501/group-assignment-cairns-group-1/512test/Static_Code/System" -I"C:/Users/willi/Desktop/Uni/Year 3/SP2/CC3501/group-assignment-cairns-group-1/512test/Static_Code/PDD" -I"C:/Users/willi/Desktop/Uni/Year 3/SP2/CC3501/group-assignment-cairns-group-1/512test/Static_Code/IO_Map" -I"C:\Freescale\KDS_v3\eclipse\ProcessorExpert/lib/Kinetis/pdd/inc" -I"C:/Users/willi/Desktop/Uni/Year 3/SP2/CC3501/group-assignment-cairns-group-1/512test/Sources" -I"C:/Users/willi/Desktop/Uni/Year 3/SP2/CC3501/group-assignment-cairns-group-1/512test/Generated_Code" -std=c99 -MMD -MP -MF"Sources/BMP384.d" -MT"Sources/BMP384.o" -c -o "Sources/BMP384.o" "../Sources/BMP384.c"
Finished building: ../Sources/BMP384.c
 
Building target: 512test.elf
Invoking: Cross ARM C++ Linker
arm-none-eabi-g++ -mcpu=cortex-m4 -mthumb -mfloat-abi=hard -mfpu=fpv4-sp-d16 -O0 -fmessage-length=0 -fsigned-char -ffunction-sections -fdata-sections  -g3 -T "C:/Users/willi/Desktop/Uni/Year 3/SP2/CC3501/group-assignment-cairns-group-1/512test/Project_Settings/Linker_Files/ProcessorExpert.ld" -Xlinker --gc-sections -L"C:/Users/willi/Desktop/Uni/Year 3/SP2/CC3501/group-assignment-cairns-group-1/512test/Project_Settings/Linker_Files" -Wl,-Map,"512test.map" -specs=nano.specs -specs=nosys.specs -o "512test.elf"  ./Static_Code/System/CPU_Init.o ./Static_Code/System/Peripherals_Init.o ./Static_Code/System/Vectors.o  ./Sources/BMP384.o ./Sources/Events.o ./Sources/I2C.o ./Sources/main.o  ./Project_Settings/Startup_Code/startup.o  ./Generated_Code/Bit1.o ./Generated_Code/BitIoLdd1.o ./Generated_Code/BitIoLdd2.o ./Generated_Code/CI2C1.o ./Generated_Code/Cpu.o ./Generated_Code/IntI2cLdd1.o ./Generated_Code/PE_LDD.o ./Generated_Code/Pins1.o ./Generated_Code/Status1.o   
Finished building target: 512test.elf
 
20:49:20 **** Incremental Build of configuration Debug for project 512test ****
make all 
Building file: ../Sources/BMP384.c
Invoking: Cross ARM C Compiler
arm-none-eabi-gcc -mcpu=cortex-m4 -mthumb -mfloat-abi=hard -mfpu=fpv4-sp-d16 -O0 -fmessage-length=0 -fsigned-char -ffunction-sections -fdata-sections  -g3 -I"C:/Users/willi/Desktop/Uni/Year 3/SP2/CC3501/group-assignment-cairns-group-1/512test/Static_Code/System" -I"C:/Users/willi/Desktop/Uni/Year 3/SP2/CC3501/group-assignment-cairns-group-1/512test/Static_Code/PDD" -I"C:/Users/willi/Desktop/Uni/Year 3/SP2/CC3501/group-assignment-cairns-group-1/512test/Static_Code/IO_Map" -I"C:\Freescale\KDS_v3\eclipse\ProcessorExpert/lib/Kinetis/pdd/inc" -I"C:/Users/willi/Desktop/Uni/Year 3/SP2/CC3501/group-assignment-cairns-group-1/512test/Sources" -I"C:/Users/willi/Desktop/Uni/Year 3/SP2/CC3501/group-assignment-cairns-group-1/512test/Generated_Code" -std=c99 -MMD -MP -MF"Sources/BMP384.d" -MT"Sources/BMP384.o" -c -o "Sources/BMP384.o" "../Sources/BMP384.c"
Finished building: ../Sources/BMP384.c
 
Building target: 512test.elf
Invoking: Cross ARM C++ Linker
arm-none-eabi-g++ -mcpu=cortex-m4 -mthumb -mfloat-abi=hard -mfpu=fpv4-sp-d16 -O0 -fmessage-length=0 -fsigned-char -ffunction-sections -fdata-sections  -g3 -T "C:/Users/willi/Desktop/Uni/Year 3/SP2/CC3501/group-assignment-cairns-group-1/512test/Project_Settings/Linker_Files/ProcessorExpert.ld" -Xlinker --gc-sections -L"C:/Users/willi/Desktop/Uni/Year 3/SP2/CC3501/group-assignment-cairns-group-1/512test/Project_Settings/Linker_Files" -Wl,-Map,"512test.map" -specs=nano.specs -specs=nosys.specs -o "512test.elf"  ./Static_Code/System/CPU_Init.o ./Static_Code/System/Peripherals_Init.o ./Static_Code/System/Vectors.o  ./Sources/BMP384.o ./Sources/Events.o ./Sources/I2C.o ./Sources/main.o  ./Project_Settings/Startup_Code/startup.o  ./Generated_Code/Bit1.o ./Generated_Code/BitIoLdd1.o ./Generated_Code/BitIoLdd2.o ./Generated_Code/CI2C1.o ./Generated_Code/Cpu.o ./Generated_Code/IntI2cLdd1.o ./Generated_Code/PE_LDD.o ./Generated_Code/Pins1.o ./Generated_Code/Status1.o   
Finished building target: 512test.elf
 
20:49:39 **** Incremental Build of configuration Debug for project 512test ****
make all 
Building file: ../Sources/BMP384.c
Invoking: Cross ARM C Compiler
arm-none-eabi-gcc -mcpu=cortex-m4 -mthumb -mfloat-abi=hard -mfpu=fpv4-sp-d16 -O0 -fmessage-length=0 -fsigned-char -ffunction-sections -fdata-sections  -g3 -I"C:/Users/willi/Desktop/Uni/Year 3/SP2/CC3501/group-assignment-cairns-group-1/512test/Static_Code/System" -I"C:/Users/willi/Desktop/Uni/Year 3/SP2/CC3501/group-assignment-cairns-group-1/512test/Static_Code/PDD" -I"C:/Users/willi/Desktop/Uni/Year 3/SP2/CC3501/group-assignment-cairns-group-1/512test/Static_Code/IO_Map" -I"C:\Freescale\KDS_v3\eclipse\ProcessorExpert/lib/Kinetis/pdd/inc" -I"C:/Users/willi/Desktop/Uni/Year 3/SP2/CC3501/group-assignment-cairns-group-1/512test/Sources" -I"C:/Users/willi/Desktop/Uni/Year 3/SP2/CC3501/group-assignment-cairns-group-1/512test/Generated_Code" -std=c99 -MMD -MP -MF"Sources/BMP384.d" -MT"Sources/BMP384.o" -c -o "Sources/BMP384.o" "../Sources/BMP384.c"
Finished building: ../Sources/BMP384.c
 
Building target: 512test.elf
Invoking: Cross ARM C++ Linker
arm-none-eabi-g++ -mcpu=cortex-m4 -mthumb -mfloat-abi=hard -mfpu=fpv4-sp-d16 -O0 -fmessage-length=0 -fsigned-char -ffunction-sections -fdata-sections  -g3 -T "C:/Users/willi/Desktop/Uni/Year 3/SP2/CC3501/group-assignment-cairns-group-1/512test/Project_Settings/Linker_Files/ProcessorExpert.ld" -Xlinker --gc-sections -L"C:/Users/willi/Desktop/Uni/Year 3/SP2/CC3501/group-assignment-cairns-group-1/512test/Project_Settings/Linker_Files" -Wl,-Map,"512test.map" -specs=nano.specs -specs=nosys.specs -o "512test.elf"  ./Static_Code/System/CPU_Init.o ./Static_Code/System/Peripherals_Init.o ./Static_Code/System/Vectors.o  ./Sources/BMP384.o ./Sources/Events.o ./Sources/I2C.o ./Sources/main.o  ./Project_Settings/Startup_Code/startup.o  ./Generated_Code/Bit1.o ./Generated_Code/BitIoLdd1.o ./Generated_Code/BitIoLdd2.o ./Generated_Code/CI2C1.o ./Generated_Code/Cpu.o ./Generated_Code/IntI2cLdd1.o ./Generated_Code/PE_LDD.o ./Generated_Code/Pins1.o ./Generated_Code/Status1.o   
Finished building target: 512test.elf
 
20:50:00 **** Incremental Build of configuration Debug for project 512test ****
make all 
Building file: ../Sources/BMP384.c
Invoking: Cross ARM C Compiler
arm-none-eabi-gcc -mcpu=cortex-m4 -mthumb -mfloat-abi=hard -mfpu=fpv4-sp-d16 -O0 -fmessage-length=0 -fsigned-char -ffunction-sections -fdata-sections  -g3 -I"C:/Users/willi/Desktop/Uni/Year 3/SP2/CC3501/group-assignment-cairns-group-1/512test/Static_Code/System" -I"C:/Users/willi/Desktop/Uni/Year 3/SP2/CC3501/group-assignment-cairns-group-1/512test/Static_Code/PDD" -I"C:/Users/willi/Desktop/Uni/Year 3/SP2/CC3501/group-assignment-cairns-group-1/512test/Static_Code/IO_Map" -I"C:\Freescale\KDS_v3\eclipse\ProcessorExpert/lib/Kinetis/pdd/inc" -I"C:/Users/willi/Desktop/Uni/Year 3/SP2/CC3501/group-assignment-cairns-group-1/512test/Sources" -I"C:/Users/willi/Desktop/Uni/Year 3/SP2/CC3501/group-assignment-cairns-group-1/512test/Generated_Code" -std=c99 -MMD -MP -MF"Sources/BMP384.d" -MT"Sources/BMP384.o" -c -o "Sources/BMP384.o" "../Sources/BMP384.c"
Finished building: ../Sources/BMP384.c
 
Building target: 512test.elf
Invoking: Cross ARM C++ Linker
arm-none-eabi-g++ -mcpu=cortex-m4 -mthumb -mfloat-abi=hard -mfpu=fpv4-sp-d16 -O0 -fmessage-length=0 -fsigned-char -ffunction-sections -fdata-sections  -g3 -T "C:/Users/willi/Desktop/Uni/Year 3/SP2/CC3501/group-assignment-cairns-group-1/512test/Project_Settings/Linker_Files/ProcessorExpert.ld" -Xlinker --gc-sections -L"C:/Users/willi/Desktop/Uni/Year 3/SP2/CC3501/group-assignment-cairns-group-1/512test/Project_Settings/Linker_Files" -Wl,-Map,"512test.map" -specs=nano.specs -specs=nosys.specs -o "512test.elf"  ./Static_Code/System/CPU_Init.o ./Static_Code/System/Peripherals_Init.o ./Static_Code/System/Vectors.o  ./Sources/BMP384.o ./Sources/Events.o ./Sources/I2C.o ./Sources/main.o  ./Project_Settings/Startup_Code/startup.o  ./Generated_Code/Bit1.o ./Generated_Code/BitIoLdd1.o ./Generated_Code/BitIoLdd2.o ./Generated_Code/CI2C1.o ./Generated_Code/Cpu.o ./Generated_Code/IntI2cLdd1.o ./Generated_Code/PE_LDD.o ./Generated_Code/Pins1.o ./Generated_Code/Status1.o   
Finished building target: 512test.elf
 
20:55:33 **** Incremental Build of configuration Debug for project 512test ****
make all 
Building file: ../Sources/BMP384.c
Invoking: Cross ARM C Compiler
arm-none-eabi-gcc -mcpu=cortex-m4 -mthumb -mfloat-abi=hard -mfpu=fpv4-sp-d16 -O0 -fmessage-length=0 -fsigned-char -ffunction-sections -fdata-sections  -g3 -I"C:/Users/willi/Desktop/Uni/Year 3/SP2/CC3501/group-assignment-cairns-group-1/512test/Static_Code/System" -I"C:/Users/willi/Desktop/Uni/Year 3/SP2/CC3501/group-assignment-cairns-group-1/512test/Static_Code/PDD" -I"C:/Users/willi/Desktop/Uni/Year 3/SP2/CC3501/group-assignment-cairns-group-1/512test/Static_Code/IO_Map" -I"C:\Freescale\KDS_v3\eclipse\ProcessorExpert/lib/Kinetis/pdd/inc" -I"C:/Users/willi/Desktop/Uni/Year 3/SP2/CC3501/group-assignment-cairns-group-1/512test/Sources" -I"C:/Users/willi/Desktop/Uni/Year 3/SP2/CC3501/group-assignment-cairns-group-1/512test/Generated_Code" -std=c99 -MMD -MP -MF"Sources/BMP384.d" -MT"Sources/BMP384.o" -c -o "Sources/BMP384.o" "../Sources/BMP384.c"
../Sources/BMP384.c:121:41: error: expected ';', ',' or ')' before '&' token
 uint8_t getTempPres(BMP384 *self, float &temperature, float &pressure) {
                                         ^
Sources/subdir.mk:27: recipe for target 'Sources/BMP384.o' failed
make: *** [Sources/BMP384.o] Error 1
20:55:40 **** Incremental Build of configuration Debug for project 512test ****
make all 
Building file: ../Sources/BMP384.c
Invoking: Cross ARM C Compiler
arm-none-eabi-gcc -mcpu=cortex-m4 -mthumb -mfloat-abi=hard -mfpu=fpv4-sp-d16 -O0 -fmessage-length=0 -fsigned-char -ffunction-sections -fdata-sections  -g3 -I"C:/Users/willi/Desktop/Uni/Year 3/SP2/CC3501/group-assignment-cairns-group-1/512test/Static_Code/System" -I"C:/Users/willi/Desktop/Uni/Year 3/SP2/CC3501/group-assignment-cairns-group-1/512test/Static_Code/PDD" -I"C:/Users/willi/Desktop/Uni/Year 3/SP2/CC3501/group-assignment-cairns-group-1/512test/Static_Code/IO_Map" -I"C:\Freescale\KDS_v3\eclipse\ProcessorExpert/lib/Kinetis/pdd/inc" -I"C:/Users/willi/Desktop/Uni/Year 3/SP2/CC3501/group-assignment-cairns-group-1/512test/Sources" -I"C:/Users/willi/Desktop/Uni/Year 3/SP2/CC3501/group-assignment-cairns-group-1/512test/Generated_Code" -std=c99 -MMD -MP -MF"Sources/BMP384.d" -MT"Sources/BMP384.o" -c -o "Sources/BMP384.o" "../Sources/BMP384.c"
../Sources/BMP384.c: In function 'getTempPres':
../Sources/BMP384.c:127:3: warning: passing argument 3 of 'readBytes' makes integer from pointer without a cast [enabled by default]
   readBytes(self->devAddr, BMP388_DATA_0, &data[0], 6);                      // Read the temperature and pressure data
   ^
In file included from ../Sources/BMP384.h:12:0,
                 from ../Sources/BMP384.c:11:
../Sources/I2C.h:21:9: note: expected 'uint8_t' but argument is of type 'uint8_t *'
 uint8_t readBytes(uint8_t devAddr, uint8_t regAddr, uint8_t length, uint8_t *data);
         ^
../Sources/BMP384.c:127:3: warning: passing argument 4 of 'readBytes' makes pointer from integer without a cast [enabled by default]
   readBytes(self->devAddr, BMP388_DATA_0, &data[0], 6);                      // Read the temperature and pressure data
   ^
In file included from ../Sources/BMP384.h:12:0,
                 from ../Sources/BMP384.c:11:
../Sources/I2C.h:21:9: note: expected 'uint8_t *' but argument is of type 'int'
 uint8_t readBytes(uint8_t devAddr, uint8_t regAddr, uint8_t length, uint8_t *data);
         ^
../Sources/BMP384.c:130:15: error: incompatible types when assigning to type 'float *' from type 'float'
   temperature = compensate_temp(self, (float)adcTemp);        // Temperature compensation (function from BMP388 datasheet)
               ^
../Sources/BMP384.c:131:3: error: incompatible type for argument 3 of 'compensate_press'
   pressure = compensate_press(self, (float)adcPres, temperature);  // Pressure compensation (function from BMP388 datasheet)
   ^
In file included from ../Sources/BMP384.c:11:0:
../Sources/BMP384.h:158:7: note: expected 'float' but argument is of type 'float *'
 float compensate_press(BMP384 *self, float uncomp_press, float t_lin);
       ^
../Sources/BMP384.c:132:12: error: invalid operands to binary / (have 'float *' and 'float')
   pressure /= 100.0f;                                    // Calculate the pressure in millibar/hPa
            ^
make: *** [Sources/BMP384.o] Error 1
Sources/subdir.mk:27: recipe for target 'Sources/BMP384.o' failed
20:55:53 **** Incremental Build of configuration Debug for project 512test ****
make all 
Building file: ../Sources/BMP384.c
Invoking: Cross ARM C Compiler
arm-none-eabi-gcc -mcpu=cortex-m4 -mthumb -mfloat-abi=hard -mfpu=fpv4-sp-d16 -O0 -fmessage-length=0 -fsigned-char -ffunction-sections -fdata-sections  -g3 -I"C:/Users/willi/Desktop/Uni/Year 3/SP2/CC3501/group-assignment-cairns-group-1/512test/Static_Code/System" -I"C:/Users/willi/Desktop/Uni/Year 3/SP2/CC3501/group-assignment-cairns-group-1/512test/Static_Code/PDD" -I"C:/Users/willi/Desktop/Uni/Year 3/SP2/CC3501/group-assignment-cairns-group-1/512test/Static_Code/IO_Map" -I"C:\Freescale\KDS_v3\eclipse\ProcessorExpert/lib/Kinetis/pdd/inc" -I"C:/Users/willi/Desktop/Uni/Year 3/SP2/CC3501/group-assignment-cairns-group-1/512test/Sources" -I"C:/Users/willi/Desktop/Uni/Year 3/SP2/CC3501/group-assignment-cairns-group-1/512test/Generated_Code" -std=c99 -MMD -MP -MF"Sources/BMP384.d" -MT"Sources/BMP384.o" -c -o "Sources/BMP384.o" "../Sources/BMP384.c"
../Sources/BMP384.c: In function 'getTempPres':
../Sources/BMP384.c:127:3: warning: passing argument 3 of 'readBytes' makes integer from pointer without a cast [enabled by default]
   readBytes(self->devAddr, BMP388_DATA_0, &data[0], 6);                      // Read the temperature and pressure data
   ^
In file included from ../Sources/BMP384.h:12:0,
                 from ../Sources/BMP384.c:11:
../Sources/I2C.h:21:9: note: expected 'uint8_t' but argument is of type 'uint8_t *'
 uint8_t readBytes(uint8_t devAddr, uint8_t regAddr, uint8_t length, uint8_t *data);
         ^
../Sources/BMP384.c:127:3: warning: passing argument 4 of 'readBytes' makes pointer from integer without a cast [enabled by default]
   readBytes(self->devAddr, BMP388_DATA_0, &data[0], 6);                      // Read the temperature and pressure data
   ^
In file included from ../Sources/BMP384.h:12:0,
                 from ../Sources/BMP384.c:11:
../Sources/I2C.h:21:9: note: expected 'uint8_t *' but argument is of type 'int'
 uint8_t readBytes(uint8_t devAddr, uint8_t regAddr, uint8_t length, uint8_t *data);
         ^
Finished building: ../Sources/BMP384.c
 
Building target: 512test.elf
Invoking: Cross ARM C++ Linker
arm-none-eabi-g++ -mcpu=cortex-m4 -mthumb -mfloat-abi=hard -mfpu=fpv4-sp-d16 -O0 -fmessage-length=0 -fsigned-char -ffunction-sections -fdata-sections  -g3 -T "C:/Users/willi/Desktop/Uni/Year 3/SP2/CC3501/group-assignment-cairns-group-1/512test/Project_Settings/Linker_Files/ProcessorExpert.ld" -Xlinker --gc-sections -L"C:/Users/willi/Desktop/Uni/Year 3/SP2/CC3501/group-assignment-cairns-group-1/512test/Project_Settings/Linker_Files" -Wl,-Map,"512test.map" -specs=nano.specs -specs=nosys.specs -o "512test.elf"  ./Static_Code/System/CPU_Init.o ./Static_Code/System/Peripherals_Init.o ./Static_Code/System/Vectors.o  ./Sources/BMP384.o ./Sources/Events.o ./Sources/I2C.o ./Sources/main.o  ./Project_Settings/Startup_Code/startup.o  ./Generated_Code/Bit1.o ./Generated_Code/BitIoLdd1.o ./Generated_Code/BitIoLdd2.o ./Generated_Code/CI2C1.o ./Generated_Code/Cpu.o ./Generated_Code/IntI2cLdd1.o ./Generated_Code/PE_LDD.o ./Generated_Code/Pins1.o ./Generated_Code/Status1.o   
Finished building target: 512test.elf
 
20:56:38 **** Incremental Build of configuration Debug for project 512test ****
make all 
Building file: ../Sources/BMP384.c
Invoking: Cross ARM C Compiler
arm-none-eabi-gcc -mcpu=cortex-m4 -mthumb -mfloat-abi=hard -mfpu=fpv4-sp-d16 -O0 -fmessage-length=0 -fsigned-char -ffunction-sections -fdata-sections  -g3 -I"C:/Users/willi/Desktop/Uni/Year 3/SP2/CC3501/group-assignment-cairns-group-1/512test/Static_Code/System" -I"C:/Users/willi/Desktop/Uni/Year 3/SP2/CC3501/group-assignment-cairns-group-1/512test/Static_Code/PDD" -I"C:/Users/willi/Desktop/Uni/Year 3/SP2/CC3501/group-assignment-cairns-group-1/512test/Static_Code/IO_Map" -I"C:\Freescale\KDS_v3\eclipse\ProcessorExpert/lib/Kinetis/pdd/inc" -I"C:/Users/willi/Desktop/Uni/Year 3/SP2/CC3501/group-assignment-cairns-group-1/512test/Sources" -I"C:/Users/willi/Desktop/Uni/Year 3/SP2/CC3501/group-assignment-cairns-group-1/512test/Generated_Code" -std=c99 -MMD -MP -MF"Sources/BMP384.d" -MT"Sources/BMP384.o" -c -o "Sources/BMP384.o" "../Sources/BMP384.c"
Finished building: ../Sources/BMP384.c
 
Building target: 512test.elf
Invoking: Cross ARM C++ Linker
arm-none-eabi-g++ -mcpu=cortex-m4 -mthumb -mfloat-abi=hard -mfpu=fpv4-sp-d16 -O0 -fmessage-length=0 -fsigned-char -ffunction-sections -fdata-sections  -g3 -T "C:/Users/willi/Desktop/Uni/Year 3/SP2/CC3501/group-assignment-cairns-group-1/512test/Project_Settings/Linker_Files/ProcessorExpert.ld" -Xlinker --gc-sections -L"C:/Users/willi/Desktop/Uni/Year 3/SP2/CC3501/group-assignment-cairns-group-1/512test/Project_Settings/Linker_Files" -Wl,-Map,"512test.map" -specs=nano.specs -specs=nosys.specs -o "512test.elf"  ./Static_Code/System/CPU_Init.o ./Static_Code/System/Peripherals_Init.o ./Static_Code/System/Vectors.o  ./Sources/BMP384.o ./Sources/Events.o ./Sources/I2C.o ./Sources/main.o  ./Project_Settings/Startup_Code/startup.o  ./Generated_Code/Bit1.o ./Generated_Code/BitIoLdd1.o ./Generated_Code/BitIoLdd2.o ./Generated_Code/CI2C1.o ./Generated_Code/Cpu.o ./Generated_Code/IntI2cLdd1.o ./Generated_Code/PE_LDD.o ./Generated_Code/Pins1.o ./Generated_Code/Status1.o   
Finished building target: 512test.elf
 
20:56:43 **** Incremental Build of configuration Debug for project 512test ****
make all 
make: Nothing to be done for 'all'.
21:04:08 **** Incremental Build of configuration Debug for project 512test ****
make all 
Building file: ../Sources/BMP384.c
Invoking: Cross ARM C Compiler
arm-none-eabi-gcc -mcpu=cortex-m4 -mthumb -mfloat-abi=hard -mfpu=fpv4-sp-d16 -O0 -fmessage-length=0 -fsigned-char -ffunction-sections -fdata-sections  -g3 -I"C:/Users/willi/Desktop/Uni/Year 3/SP2/CC3501/group-assignment-cairns-group-1/512test/Static_Code/System" -I"C:/Users/willi/Desktop/Uni/Year 3/SP2/CC3501/group-assignment-cairns-group-1/512test/Static_Code/PDD" -I"C:/Users/willi/Desktop/Uni/Year 3/SP2/CC3501/group-assignment-cairns-group-1/512test/Static_Code/IO_Map" -I"C:\Freescale\KDS_v3\eclipse\ProcessorExpert/lib/Kinetis/pdd/inc" -I"C:/Users/willi/Desktop/Uni/Year 3/SP2/CC3501/group-assignment-cairns-group-1/512test/Sources" -I"C:/Users/willi/Desktop/Uni/Year 3/SP2/CC3501/group-assignment-cairns-group-1/512test/Generated_Code" -std=c99 -MMD -MP -MF"Sources/BMP384.d" -MT"Sources/BMP384.o" -c -o "Sources/BMP384.o" "../Sources/BMP384.c"
Finished building: ../Sources/BMP384.c
 
Building target: 512test.elf
Invoking: Cross ARM C++ Linker
arm-none-eabi-g++ -mcpu=cortex-m4 -mthumb -mfloat-abi=hard -mfpu=fpv4-sp-d16 -O0 -fmessage-length=0 -fsigned-char -ffunction-sections -fdata-sections  -g3 -T "C:/Users/willi/Desktop/Uni/Year 3/SP2/CC3501/group-assignment-cairns-group-1/512test/Project_Settings/Linker_Files/ProcessorExpert.ld" -Xlinker --gc-sections -L"C:/Users/willi/Desktop/Uni/Year 3/SP2/CC3501/group-assignment-cairns-group-1/512test/Project_Settings/Linker_Files" -Wl,-Map,"512test.map" -specs=nano.specs -specs=nosys.specs -o "512test.elf"  ./Static_Code/System/CPU_Init.o ./Static_Code/System/Peripherals_Init.o ./Static_Code/System/Vectors.o  ./Sources/BMP384.o ./Sources/Events.o ./Sources/I2C.o ./Sources/main.o  ./Project_Settings/Startup_Code/startup.o  ./Generated_Code/Bit1.o ./Generated_Code/BitIoLdd1.o ./Generated_Code/BitIoLdd2.o ./Generated_Code/CI2C1.o ./Generated_Code/Cpu.o ./Generated_Code/IntI2cLdd1.o ./Generated_Code/PE_LDD.o ./Generated_Code/Pins1.o ./Generated_Code/Status1.o   
Finished building target: 512test.elf
 
21:06:02 **** Incremental Build of configuration Debug for project 512test ****
make all 
Building file: ../Sources/BMP384.c
Invoking: Cross ARM C Compiler
arm-none-eabi-gcc -mcpu=cortex-m4 -mthumb -mfloat-abi=hard -mfpu=fpv4-sp-d16 -O0 -fmessage-length=0 -fsigned-char -ffunction-sections -fdata-sections  -g3 -I"C:/Users/willi/Desktop/Uni/Year 3/SP2/CC3501/group-assignment-cairns-group-1/512test/Static_Code/System" -I"C:/Users/willi/Desktop/Uni/Year 3/SP2/CC3501/group-assignment-cairns-group-1/512test/Static_Code/PDD" -I"C:/Users/willi/Desktop/Uni/Year 3/SP2/CC3501/group-assignment-cairns-group-1/512test/Static_Code/IO_Map" -I"C:\Freescale\KDS_v3\eclipse\ProcessorExpert/lib/Kinetis/pdd/inc" -I"C:/Users/willi/Desktop/Uni/Year 3/SP2/CC3501/group-assignment-cairns-group-1/512test/Sources" -I"C:/Users/willi/Desktop/Uni/Year 3/SP2/CC3501/group-assignment-cairns-group-1/512test/Generated_Code" -std=c99 -MMD -MP -MF"Sources/BMP384.d" -MT"Sources/BMP384.o" -c -o "Sources/BMP384.o" "../Sources/BMP384.c"
Finished building: ../Sources/BMP384.c
 
Building file: ../Sources/main.c
Invoking: Cross ARM C Compiler
arm-none-eabi-gcc -mcpu=cortex-m4 -mthumb -mfloat-abi=hard -mfpu=fpv4-sp-d16 -O0 -fmessage-length=0 -fsigned-char -ffunction-sections -fdata-sections  -g3 -I"C:/Users/willi/Desktop/Uni/Year 3/SP2/CC3501/group-assignment-cairns-group-1/512test/Static_Code/System" -I"C:/Users/willi/Desktop/Uni/Year 3/SP2/CC3501/group-assignment-cairns-group-1/512test/Static_Code/PDD" -I"C:/Users/willi/Desktop/Uni/Year 3/SP2/CC3501/group-assignment-cairns-group-1/512test/Static_Code/IO_Map" -I"C:\Freescale\KDS_v3\eclipse\ProcessorExpert/lib/Kinetis/pdd/inc" -I"C:/Users/willi/Desktop/Uni/Year 3/SP2/CC3501/group-assignment-cairns-group-1/512test/Sources" -I"C:/Users/willi/Desktop/Uni/Year 3/SP2/CC3501/group-assignment-cairns-group-1/512test/Generated_Code" -std=c99 -MMD -MP -MF"Sources/main.d" -MT"Sources/main.o" -c -o "Sources/main.o" "../Sources/main.c"
Finished building: ../Sources/main.c
 
Building target: 512test.elf
Invoking: Cross ARM C++ Linker
arm-none-eabi-g++ -mcpu=cortex-m4 -mthumb -mfloat-abi=hard -mfpu=fpv4-sp-d16 -O0 -fmessage-length=0 -fsigned-char -ffunction-sections -fdata-sections  -g3 -T "C:/Users/willi/Desktop/Uni/Year 3/SP2/CC3501/group-assignment-cairns-group-1/512test/Project_Settings/Linker_Files/ProcessorExpert.ld" -Xlinker --gc-sections -L"C:/Users/willi/Desktop/Uni/Year 3/SP2/CC3501/group-assignment-cairns-group-1/512test/Project_Settings/Linker_Files" -Wl,-Map,"512test.map" -specs=nano.specs -specs=nosys.specs -o "512test.elf"  ./Static_Code/System/CPU_Init.o ./Static_Code/System/Peripherals_Init.o ./Static_Code/System/Vectors.o  ./Sources/BMP384.o ./Sources/Events.o ./Sources/I2C.o ./Sources/main.o  ./Project_Settings/Startup_Code/startup.o  ./Generated_Code/Bit1.o ./Generated_Code/BitIoLdd1.o ./Generated_Code/BitIoLdd2.o ./Generated_Code/CI2C1.o ./Generated_Code/Cpu.o ./Generated_Code/IntI2cLdd1.o ./Generated_Code/PE_LDD.o ./Generated_Code/Pins1.o ./Generated_Code/Status1.o   
Finished building target: 512test.elf
 
21:06:40 **** Incremental Build of configuration Debug for project 512test ****
make all 
Building file: ../Sources/BMP384.c
Invoking: Cross ARM C Compiler
arm-none-eabi-gcc -mcpu=cortex-m4 -mthumb -mfloat-abi=hard -mfpu=fpv4-sp-d16 -O0 -fmessage-length=0 -fsigned-char -ffunction-sections -fdata-sections  -g3 -I"C:/Users/willi/Desktop/Uni/Year 3/SP2/CC3501/group-assignment-cairns-group-1/512test/Static_Code/System" -I"C:/Users/willi/Desktop/Uni/Year 3/SP2/CC3501/group-assignment-cairns-group-1/512test/Static_Code/PDD" -I"C:/Users/willi/Desktop/Uni/Year 3/SP2/CC3501/group-assignment-cairns-group-1/512test/Static_Code/IO_Map" -I"C:\Freescale\KDS_v3\eclipse\ProcessorExpert/lib/Kinetis/pdd/inc" -I"C:/Users/willi/Desktop/Uni/Year 3/SP2/CC3501/group-assignment-cairns-group-1/512test/Sources" -I"C:/Users/willi/Desktop/Uni/Year 3/SP2/CC3501/group-assignment-cairns-group-1/512test/Generated_Code" -std=c99 -MMD -MP -MF"Sources/BMP384.d" -MT"Sources/BMP384.o" -c -o "Sources/BMP384.o" "../Sources/BMP384.c"
Finished building: ../Sources/BMP384.c
 
Building target: 512test.elf
Invoking: Cross ARM C++ Linker
arm-none-eabi-g++ -mcpu=cortex-m4 -mthumb -mfloat-abi=hard -mfpu=fpv4-sp-d16 -O0 -fmessage-length=0 -fsigned-char -ffunction-sections -fdata-sections  -g3 -T "C:/Users/willi/Desktop/Uni/Year 3/SP2/CC3501/group-assignment-cairns-group-1/512test/Project_Settings/Linker_Files/ProcessorExpert.ld" -Xlinker --gc-sections -L"C:/Users/willi/Desktop/Uni/Year 3/SP2/CC3501/group-assignment-cairns-group-1/512test/Project_Settings/Linker_Files" -Wl,-Map,"512test.map" -specs=nano.specs -specs=nosys.specs -o "512test.elf"  ./Static_Code/System/CPU_Init.o ./Static_Code/System/Peripherals_Init.o ./Static_Code/System/Vectors.o  ./Sources/BMP384.o ./Sources/Events.o ./Sources/I2C.o ./Sources/main.o  ./Project_Settings/Startup_Code/startup.o  ./Generated_Code/Bit1.o ./Generated_Code/BitIoLdd1.o ./Generated_Code/BitIoLdd2.o ./Generated_Code/CI2C1.o ./Generated_Code/Cpu.o ./Generated_Code/IntI2cLdd1.o ./Generated_Code/PE_LDD.o ./Generated_Code/Pins1.o ./Generated_Code/Status1.o   
Finished building target: 512test.elf
 
21:07:05 **** Incremental Build of configuration Debug for project 512test ****
make all 
Building file: ../Sources/BMP384.c
Invoking: Cross ARM C Compiler
arm-none-eabi-gcc -mcpu=cortex-m4 -mthumb -mfloat-abi=hard -mfpu=fpv4-sp-d16 -O0 -fmessage-length=0 -fsigned-char -ffunction-sections -fdata-sections  -g3 -I"C:/Users/willi/Desktop/Uni/Year 3/SP2/CC3501/group-assignment-cairns-group-1/512test/Static_Code/System" -I"C:/Users/willi/Desktop/Uni/Year 3/SP2/CC3501/group-assignment-cairns-group-1/512test/Static_Code/PDD" -I"C:/Users/willi/Desktop/Uni/Year 3/SP2/CC3501/group-assignment-cairns-group-1/512test/Static_Code/IO_Map" -I"C:\Freescale\KDS_v3\eclipse\ProcessorExpert/lib/Kinetis/pdd/inc" -I"C:/Users/willi/Desktop/Uni/Year 3/SP2/CC3501/group-assignment-cairns-group-1/512test/Sources" -I"C:/Users/willi/Desktop/Uni/Year 3/SP2/CC3501/group-assignment-cairns-group-1/512test/Generated_Code" -std=c99 -MMD -MP -MF"Sources/BMP384.d" -MT"Sources/BMP384.o" -c -o "Sources/BMP384.o" "../Sources/BMP384.c"
Finished building: ../Sources/BMP384.c
 
Building file: ../Sources/main.c
Invoking: Cross ARM C Compiler
arm-none-eabi-gcc -mcpu=cortex-m4 -mthumb -mfloat-abi=hard -mfpu=fpv4-sp-d16 -O0 -fmessage-length=0 -fsigned-char -ffunction-sections -fdata-sections  -g3 -I"C:/Users/willi/Desktop/Uni/Year 3/SP2/CC3501/group-assignment-cairns-group-1/512test/Static_Code/System" -I"C:/Users/willi/Desktop/Uni/Year 3/SP2/CC3501/group-assignment-cairns-group-1/512test/Static_Code/PDD" -I"C:/Users/willi/Desktop/Uni/Year 3/SP2/CC3501/group-assignment-cairns-group-1/512test/Static_Code/IO_Map" -I"C:\Freescale\KDS_v3\eclipse\ProcessorExpert/lib/Kinetis/pdd/inc" -I"C:/Users/willi/Desktop/Uni/Year 3/SP2/CC3501/group-assignment-cairns-group-1/512test/Sources" -I"C:/Users/willi/Desktop/Uni/Year 3/SP2/CC3501/group-assignment-cairns-group-1/512test/Generated_Code" -std=c99 -MMD -MP -MF"Sources/main.d" -MT"Sources/main.o" -c -o "Sources/main.o" "../Sources/main.c"
Finished building: ../Sources/main.c
 
Building target: 512test.elf
Invoking: Cross ARM C++ Linker
arm-none-eabi-g++ -mcpu=cortex-m4 -mthumb -mfloat-abi=hard -mfpu=fpv4-sp-d16 -O0 -fmessage-length=0 -fsigned-char -ffunction-sections -fdata-sections  -g3 -T "C:/Users/willi/Desktop/Uni/Year 3/SP2/CC3501/group-assignment-cairns-group-1/512test/Project_Settings/Linker_Files/ProcessorExpert.ld" -Xlinker --gc-sections -L"C:/Users/willi/Desktop/Uni/Year 3/SP2/CC3501/group-assignment-cairns-group-1/512test/Project_Settings/Linker_Files" -Wl,-Map,"512test.map" -specs=nano.specs -specs=nosys.specs -o "512test.elf"  ./Static_Code/System/CPU_Init.o ./Static_Code/System/Peripherals_Init.o ./Static_Code/System/Vectors.o  ./Sources/BMP384.o ./Sources/Events.o ./Sources/I2C.o ./Sources/main.o  ./Project_Settings/Startup_Code/startup.o  ./Generated_Code/Bit1.o ./Generated_Code/BitIoLdd1.o ./Generated_Code/BitIoLdd2.o ./Generated_Code/CI2C1.o ./Generated_Code/Cpu.o ./Generated_Code/IntI2cLdd1.o ./Generated_Code/PE_LDD.o ./Generated_Code/Pins1.o ./Generated_Code/Status1.o   
Finished building target: 512test.elf
 
21:07:18 **** Incremental Build of configuration Debug for project 512test ****
make all 
make: Nothing to be done for 'all'.
21:08:02 **** Incremental Build of configuration Debug for project 512test ****
make all 
Building file: ../Sources/BMP384.c
Invoking: Cross ARM C Compiler
arm-none-eabi-gcc -mcpu=cortex-m4 -mthumb -mfloat-abi=hard -mfpu=fpv4-sp-d16 -O0 -fmessage-length=0 -fsigned-char -ffunction-sections -fdata-sections  -g3 -I"C:/Users/willi/Desktop/Uni/Year 3/SP2/CC3501/group-assignment-cairns-group-1/512test/Static_Code/System" -I"C:/Users/willi/Desktop/Uni/Year 3/SP2/CC3501/group-assignment-cairns-group-1/512test/Static_Code/PDD" -I"C:/Users/willi/Desktop/Uni/Year 3/SP2/CC3501/group-assignment-cairns-group-1/512test/Static_Code/IO_Map" -I"C:\Freescale\KDS_v3\eclipse\ProcessorExpert/lib/Kinetis/pdd/inc" -I"C:/Users/willi/Desktop/Uni/Year 3/SP2/CC3501/group-assignment-cairns-group-1/512test/Sources" -I"C:/Users/willi/Desktop/Uni/Year 3/SP2/CC3501/group-assignment-cairns-group-1/512test/Generated_Code" -std=c99 -MMD -MP -MF"Sources/BMP384.d" -MT"Sources/BMP384.o" -c -o "Sources/BMP384.o" "../Sources/BMP384.c"
Finished building: ../Sources/BMP384.c
 
Building file: ../Sources/main.c
Invoking: Cross ARM C Compiler
arm-none-eabi-gcc -mcpu=cortex-m4 -mthumb -mfloat-abi=hard -mfpu=fpv4-sp-d16 -O0 -fmessage-length=0 -fsigned-char -ffunction-sections -fdata-sections  -g3 -I"C:/Users/willi/Desktop/Uni/Year 3/SP2/CC3501/group-assignment-cairns-group-1/512test/Static_Code/System" -I"C:/Users/willi/Desktop/Uni/Year 3/SP2/CC3501/group-assignment-cairns-group-1/512test/Static_Code/PDD" -I"C:/Users/willi/Desktop/Uni/Year 3/SP2/CC3501/group-assignment-cairns-group-1/512test/Static_Code/IO_Map" -I"C:\Freescale\KDS_v3\eclipse\ProcessorExpert/lib/Kinetis/pdd/inc" -I"C:/Users/willi/Desktop/Uni/Year 3/SP2/CC3501/group-assignment-cairns-group-1/512test/Sources" -I"C:/Users/willi/Desktop/Uni/Year 3/SP2/CC3501/group-assignment-cairns-group-1/512test/Generated_Code" -std=c99 -MMD -MP -MF"Sources/main.d" -MT"Sources/main.o" -c -o "Sources/main.o" "../Sources/main.c"
Finished building: ../Sources/main.c
 
Building target: 512test.elf
Invoking: Cross ARM C++ Linker
arm-none-eabi-g++ -mcpu=cortex-m4 -mthumb -mfloat-abi=hard -mfpu=fpv4-sp-d16 -O0 -fmessage-length=0 -fsigned-char -ffunction-sections -fdata-sections  -g3 -T "C:/Users/willi/Desktop/Uni/Year 3/SP2/CC3501/group-assignment-cairns-group-1/512test/Project_Settings/Linker_Files/ProcessorExpert.ld" -Xlinker --gc-sections -L"C:/Users/willi/Desktop/Uni/Year 3/SP2/CC3501/group-assignment-cairns-group-1/512test/Project_Settings/Linker_Files" -Wl,-Map,"512test.map" -specs=nano.specs -specs=nosys.specs -o "512test.elf"  ./Static_Code/System/CPU_Init.o ./Static_Code/System/Peripherals_Init.o ./Static_Code/System/Vectors.o  ./Sources/BMP384.o ./Sources/Events.o ./Sources/I2C.o ./Sources/main.o  ./Project_Settings/Startup_Code/startup.o  ./Generated_Code/Bit1.o ./Generated_Code/BitIoLdd1.o ./Generated_Code/BitIoLdd2.o ./Generated_Code/CI2C1.o ./Generated_Code/Cpu.o ./Generated_Code/IntI2cLdd1.o ./Generated_Code/PE_LDD.o ./Generated_Code/Pins1.o ./Generated_Code/Status1.o   
Finished building target: 512test.elf
 
21:32:24 **** Incremental Build of configuration Debug for project 512test ****
make all 
Building file: ../Sources/BMP384.c
Invoking: Cross ARM C Compiler
arm-none-eabi-gcc -mcpu=cortex-m4 -mthumb -mfloat-abi=hard -mfpu=fpv4-sp-d16 -O0 -fmessage-length=0 -fsigned-char -ffunction-sections -fdata-sections  -g3 -I"C:/Users/willi/Desktop/Uni/Year 3/SP2/CC3501/group-assignment-cairns-group-1/512test/Static_Code/System" -I"C:/Users/willi/Desktop/Uni/Year 3/SP2/CC3501/group-assignment-cairns-group-1/512test/Static_Code/PDD" -I"C:/Users/willi/Desktop/Uni/Year 3/SP2/CC3501/group-assignment-cairns-group-1/512test/Static_Code/IO_Map" -I"C:\Freescale\KDS_v3\eclipse\ProcessorExpert/lib/Kinetis/pdd/inc" -I"C:/Users/willi/Desktop/Uni/Year 3/SP2/CC3501/group-assignment-cairns-group-1/512test/Sources" -I"C:/Users/willi/Desktop/Uni/Year 3/SP2/CC3501/group-assignment-cairns-group-1/512test/Generated_Code" -std=c99 -MMD -MP -MF"Sources/BMP384.d" -MT"Sources/BMP384.o" -c -o "Sources/BMP384.o" "../Sources/BMP384.c"
Finished building: ../Sources/BMP384.c
 
Building file: ../Sources/main.c
Invoking: Cross ARM C Compiler
arm-none-eabi-gcc -mcpu=cortex-m4 -mthumb -mfloat-abi=hard -mfpu=fpv4-sp-d16 -O0 -fmessage-length=0 -fsigned-char -ffunction-sections -fdata-sections  -g3 -I"C:/Users/willi/Desktop/Uni/Year 3/SP2/CC3501/group-assignment-cairns-group-1/512test/Static_Code/System" -I"C:/Users/willi/Desktop/Uni/Year 3/SP2/CC3501/group-assignment-cairns-group-1/512test/Static_Code/PDD" -I"C:/Users/willi/Desktop/Uni/Year 3/SP2/CC3501/group-assignment-cairns-group-1/512test/Static_Code/IO_Map" -I"C:\Freescale\KDS_v3\eclipse\ProcessorExpert/lib/Kinetis/pdd/inc" -I"C:/Users/willi/Desktop/Uni/Year 3/SP2/CC3501/group-assignment-cairns-group-1/512test/Sources" -I"C:/Users/willi/Desktop/Uni/Year 3/SP2/CC3501/group-assignment-cairns-group-1/512test/Generated_Code" -std=c99 -MMD -MP -MF"Sources/main.d" -MT"Sources/main.o" -c -o "Sources/main.o" "../Sources/main.c"
Finished building: ../Sources/main.c
 
Building target: 512test.elf
Invoking: Cross ARM C++ Linker
arm-none-eabi-g++ -mcpu=cortex-m4 -mthumb -mfloat-abi=hard -mfpu=fpv4-sp-d16 -O0 -fmessage-length=0 -fsigned-char -ffunction-sections -fdata-sections  -g3 -T "C:/Users/willi/Desktop/Uni/Year 3/SP2/CC3501/group-assignment-cairns-group-1/512test/Project_Settings/Linker_Files/ProcessorExpert.ld" -Xlinker --gc-sections -L"C:/Users/willi/Desktop/Uni/Year 3/SP2/CC3501/group-assignment-cairns-group-1/512test/Project_Settings/Linker_Files" -Wl,-Map,"512test.map" -specs=nano.specs -specs=nosys.specs -o "512test.elf"  ./Static_Code/System/CPU_Init.o ./Static_Code/System/Peripherals_Init.o ./Static_Code/System/Vectors.o  ./Sources/BMP384.o ./Sources/Events.o ./Sources/I2C.o ./Sources/main.o  ./Project_Settings/Startup_Code/startup.o  ./Generated_Code/Bit1.o ./Generated_Code/BitIoLdd1.o ./Generated_Code/BitIoLdd2.o ./Generated_Code/CI2C1.o ./Generated_Code/Cpu.o ./Generated_Code/IntI2cLdd1.o ./Generated_Code/PE_LDD.o ./Generated_Code/Pins1.o ./Generated_Code/Status1.o   
Finished building target: 512test.elf
 
